SF:lib\features\motels\data\models\motel_model.dart
DA:6,4
DA:16,4
DA:17,4
DA:18,4
DA:19,4
DA:20,4
DA:21,8
DA:22,4
DA:23,4
DA:24,10
DA:25,4
DA:26,8
LF:12
LH:12
end_of_record
SF:lib\features\motels\data\models\suite_model.dart
DA:7,4
DA:14,4
DA:15,4
DA:16,4
DA:17,20
DA:18,24
DA:19,4
DA:20,12
DA:21,4
LF:9
LH:9
end_of_record
SF:lib\features\motels\domain\entities\motel_entity.dart
DA:12,4
LF:1
LH:1
end_of_record
SF:lib\features\motels\data\models\pricing_model.dart
DA:4,4
DA:10,4
DA:11,4
DA:12,4
DA:13,8
DA:14,4
DA:15,9
LF:7
LH:7
end_of_record
SF:lib\features\motels\domain\entities\pricing_entity.dart
DA:6,4
LF:1
LH:1
end_of_record
SF:lib\features\motels\domain\entities\suite_entity.dart
DA:9,4
LF:1
LH:1
end_of_record
SF:lib\core\network\http_api_client.dart
DA:8,4
DA:10,4
DA:12,12
DA:14,8
DA:16,8
DA:17,4
DA:19,1
LF:7
LH:7
end_of_record
SF:lib\main.dart
DA:11,0
DA:12,0
DA:13,0
DA:14,0
DA:16,0
DA:17,0
DA:18,0
DA:19,0
DA:25,0
DA:27,0
DA:29,0
DA:31,0
DA:32,0
DA:43,0
DA:45,0
DA:46,0
LF:16
LH:0
end_of_record
SF:lib\features\motels\presentation\motel_list_page.dart
DA:10,0
DA:12,0
DA:14,0
DA:15,0
DA:16,0
DA:18,0
DA:20,0
DA:30,0
DA:31,0
DA:33,0
DA:34,0
DA:35,0
DA:36,0
DA:37,0
DA:38,0
DA:39,0
DA:40,0
DA:43,0
DA:44,0
DA:47,0
DA:48,0
DA:49,0
DA:52,0
DA:53,0
DA:68,0
DA:72,0
DA:73,0
DA:74,0
DA:76,0
DA:77,0
DA:78,0
DA:79,0
DA:88,0
DA:89,0
DA:90,0
DA:91,0
DA:93,0
DA:115,0
DA:116,0
DA:118,0
DA:119,0
DA:120,0
DA:122,0
DA:125,0
DA:126,0
DA:128,0
DA:134,0
DA:136,0
DA:137,0
DA:138,0
DA:139,0
DA:141,0
DA:143,0
DA:146,0
DA:148,0
LF:55
LH:0
end_of_record
SF:lib\features\motels\presentation\bloc\motel_bloc.dart
DA:11,3
DA:12,2
DA:15,1
DA:17,2
DA:18,2
DA:20,0
DA:21,0
LF:7
LH:5
end_of_record
SF:lib\features\motels\presentation\bloc\motel_state.dart
DA:5,1
DA:6,1
DA:14,1
DA:16,1
DA:17,2
DA:23,0
DA:25,0
DA:26,0
LF:8
LH:5
end_of_record
SF:lib\features\motels\presentation\widgets\filter_buttons.dart
DA:4,0
DA:6,0
DA:9,0
DA:11,0
DA:12,0
DA:14,0
DA:15,0
DA:16,0
DA:19,0
LF:9
LH:0
end_of_record
SF:lib\features\motels\presentation\widgets\motel_view.dart
DA:8,0
DA:10,0
DA:12,0
DA:13,0
DA:14,0
DA:16,0
DA:17,0
DA:18,0
DA:19,0
DA:20,0
DA:24,0
DA:28,0
DA:29,0
DA:32,0
DA:34,0
DA:35,0
DA:36,0
DA:42,0
DA:44,0
DA:45,0
DA:46,0
DA:47,0
DA:51,0
DA:53,0
DA:56,0
DA:58,0
DA:61,0
DA:62,0
DA:72,0
DA:73,0
DA:74,0
DA:75,0
DA:78,0
DA:85,0
DA:86,0
DA:92,0
DA:100,0
DA:101,0
DA:103,0
DA:104,0
DA:105,0
LF:41
LH:0
end_of_record
SF:lib\features\motels\presentation\widgets\location_selector.dart
DA:4,1
DA:6,0
DA:7,0
DA:14,0
DA:16,0
DA:19,0
DA:20,0
DA:21,0
DA:22,0
DA:26,0
DA:28,0
DA:29,0
DA:33,0
DA:34,0
DA:36,0
DA:38,0
LF:16
LH:1
end_of_record
SF:lib\features\motels\presentation\widgets\suite_card.dart
DA:7,0
DA:9,0
DA:11,0
DA:13,0
DA:14,0
DA:16,0
DA:17,0
DA:18,0
DA:19,0
DA:21,0
DA:23,0
DA:25,0
DA:30,0
DA:31,0
DA:32,0
DA:36,0
DA:47,0
DA:48,0
DA:49,0
DA:66,0
DA:67,0
DA:69,0
DA:70,0
DA:74,0
DA:75,0
DA:76,0
DA:78,0
DA:79,0
DA:81,0
DA:83,0
DA:85,0
DA:86,0
DA:87,0
DA:93,0
DA:95,0
DA:97,0
DA:98,0
DA:99,0
DA:101,0
DA:102,0
DA:113,0
DA:114,0
DA:115,0
DA:117,0
DA:118,0
DA:128,0
DA:129,0
DA:138,0
DA:139,0
DA:151,0
LF:50
LH:0
end_of_record
SF:lib\features\motels\data\repositories\motel_repository.dart
DA:9,3
DA:11,3
DA:14,6
DA:16,6
DA:17,6
DA:19,12
DA:21,0
DA:24,0
LF:8
LH:6
end_of_record
SF:lib\features\motels\domain\use_cases\get_motels_use_case.dart
DA:7,2
DA:9,2
DA:10,4
LF:3
LH:3
end_of_record
SF:lib\features\motels\presentation\bloc\motel_event.dart
DA:4,0
DA:5,0
LF:2
LH:0
end_of_record
